# JRE version: OpenJDK Runtime Environment (7.0_95) (build 1.7.0_95-b00)
# Java VM: OpenJDK Server VM (24.95-b01 mixed mode linux-x86 )
Heap
 PSYoungGen      total 124416K, used 5399K [0x9dac0000, 0xa8a00000, 0xb3040000)
  eden space 89344K, 0% used [0x9dac0000,0x9dac0000,0xa3200000)
  from space 35072K, 15% used [0xa3200000,0xa3745fd0,0xa5440000)
  to   space 29696K, 0% used [0xa5440000,0xa5440000,0xa7140000)
 ParOldGen       total 67328K, used 26757K [0x73040000, 0x77200000, 0x9dac0000)
  object space 67328K, 39% used [0x73040000,0x74a61568,0x77200000)
 PSPermGen       total 16384K, used 3391K [0x6b040000, 0x6c040000, 0x73040000)
  object space 16384K, 20% used [0x6b040000,0x6b38fce8,0x6c040000)
GC Heap History (10 events):
Event: 1,184 GC heap after
Heap after GC invocations=3 (full 0):
 PSYoungGen      total 34304K, used 2558K [0x9dac0000, 0xa1dc0000, 0xb3040000)
  eden space 31744K, 0% used [0x9dac0000,0x9dac0000,0x9f9c0000)
  from space 2560K, 99% used [0x9f9c0000,0x9fc3fa50,0x9fc40000)
  to   space 2560K, 0% used [0xa1b40000,0xa1b40000,0xa1dc0000)
 ParOldGen       total 41728K, used 34828K [0x73040000, 0x75900000, 0x9dac0000)
  object space 41728K, 83% used [0x73040000,0x75243278,0x75900000)
 PSPermGen       total 16384K, used 2886K [0x6b040000, 0x6c040000, 0x73040000)
  object space 16384K, 17% used [0x6b040000,0x6b311820,0x6c040000)
}
Event: 1,184 GC heap before
{Heap before GC invocations=4 (full 1):
 PSYoungGen      total 34304K, used 2558K [0x9dac0000, 0xa1dc0000, 0xb3040000)
  eden space 31744K, 0% used [0x9dac0000,0x9dac0000,0x9f9c0000)
  from space 2560K, 99% used [0x9f9c0000,0x9fc3fa50,0x9fc40000)
  to   space 2560K, 0% used [0xa1b40000,0xa1b40000,0xa1dc0000)
 ParOldGen       total 41728K, used 34828K [0x73040000, 0x75900000, 0x9dac0000)
  object space 41728K, 83% used [0x73040000,0x75243278,0x75900000)
 PSPermGen       total 16384K, used 2886K [0x6b040000, 0x6c040000, 0x73040000)
  object space 16384K, 17% used [0x6b040000,0x6b311820,0x6c040000)
Event: 1,209 GC heap after
Heap after GC invocations=4 (full 1):
 PSYoungGen      total 34304K, used 0K [0x9dac0000, 0xa1dc0000, 0xb3040000)
  eden space 31744K, 0% used [0x9dac0000,0x9dac0000,0x9f9c0000)
  from space 2560K, 0% used [0x9f9c0000,0x9f9c0000,0x9fc40000)
  to   space 2560K, 0% used [0xa1b40000,0xa1b40000,0xa1dc0000)
 ParOldGen       total 67328K, used 18298K [0x73040000, 0x77200000, 0x9dac0000)
  object space 67328K, 27% used [0x73040000,0x7421ebb8,0x77200000)
 PSPermGen       total 16384K, used 2884K [0x6b040000, 0x6c040000, 0x73040000)
  object space 16384K, 17% used [0x6b040000,0x6b3113e8,0x6c040000)
}
Event: 1,941 GC heap before
{Heap before GC invocations=5 (full 1):
 PSYoungGen      total 34304K, used 31744K [0x9dac0000, 0xa1dc0000, 0xb3040000)
  eden space 31744K, 100% used [0x9dac0000,0x9f9c0000,0x9f9c0000)
  from space 2560K, 0% used [0x9f9c0000,0x9f9c0000,0x9fc40000)
  to   space 2560K, 0% used [0xa1b40000,0xa1b40000,0xa1dc0000)
 ParOldGen       total 67328K, used 18298K [0x73040000, 0x77200000, 0x9dac0000)
  object space 67328K, 27% used [0x73040000,0x7421ebb8,0x77200000)
 PSPermGen       total 16384K, used 2983K [0x6b040000, 0x6c040000, 0x73040000)
  object space 16384K, 18% used [0x6b040000,0x6b329cb0,0x6c040000)
Event: 1,950 GC heap after
Heap after GC invocations=5 (full 1):
 PSYoungGen      total 57344K, used 1776K [0x9dac0000, 0xa1d00000, 0xb3040000)
  eden space 55552K, 0% used [0x9dac0000,0x9dac0000,0xa1100000)
  from space 1792K, 99% used [0xa1b40000,0xa1cfc040,0xa1d00000)
  to   space 2560K, 0% used [0xa1800000,0xa1800000,0xa1a80000)
 ParOldGen       total 67328K, used 18298K [0x73040000, 0x77200000, 0x9dac0000)
  object space 67328K, 27% used [0x73040000,0x7421ebb8,0x77200000)
 PSPermGen       total 16384K, used 2983K [0x6b040000, 0x6c040000, 0x73040000)
  object space 16384K, 18% used [0x6b040000,0x6b329cb0,0x6c040000)
}
Event: 2,618 GC heap before
{Heap before GC invocations=6 (full 1):
 PSYoungGen      total 57344K, used 57328K [0x9dac0000, 0xa1d00000, 0xb3040000)
  eden space 55552K, 100% used [0x9dac0000,0xa1100000,0xa1100000)
  from space 1792K, 99% used [0xa1b40000,0xa1cfc040,0xa1d00000)
  to   space 2560K, 0% used [0xa1800000,0xa1800000,0xa1a80000)
 ParOldGen       total 67328K, used 18298K [0x73040000, 0x77200000, 0x9dac0000)
  object space 67328K, 27% used [0x73040000,0x7421ebb8,0x77200000)
 PSPermGen       total 16384K, used 3209K [0x6b040000, 0x6c040000, 0x73040000)
  object space 16384K, 19% used [0x6b040000,0x6b362530,0x6c040000)
Event: 2,624 GC heap after
Heap after GC invocations=6 (full 1):
 PSYoungGen      total 65280K, used 2555K [0x9dac0000, 0xa7140000, 0xb3040000)
  eden space 62720K, 0% used [0x9dac0000,0x9dac0000,0xa1800000)
  from space 2560K, 99% used [0xa1800000,0xa1a7ec28,0xa1a80000)
  to   space 29696K, 0% used [0xa5440000,0xa5440000,0xa7140000)
 ParOldGen       total 67328K, used 19587K [0x73040000, 0x77200000, 0x9dac0000)
  object space 67328K, 29% used [0x73040000,0x74360cf0,0x77200000)
 PSPermGen       total 16384K, used 3209K [0x6b040000, 0x6c040000, 0x73040000)
  object space 16384K, 19% used [0x6b040000,0x6b362530,0x6c040000)
}
Event: 3,023 GC heap before
{Heap before GC invocations=7 (full 1):
 PSYoungGen      total 65280K, used 65275K [0x9dac0000, 0xa7140000, 0xb3040000)
  eden space 62720K, 100% used [0x9dac0000,0xa1800000,0xa1800000)
  from space 2560K, 99% used [0xa1800000,0xa1a7ec28,0xa1a80000)
  to   space 29696K, 0% used [0xa5440000,0xa5440000,0xa7140000)
 ParOldGen       total 67328K, used 19587K [0x73040000, 0x77200000, 0x9dac0000)
  object space 67328K, 29% used [0x73040000,0x74360cf0,0x77200000)
 PSPermGen       total 16384K, used 3386K [0x6b040000, 0x6c040000, 0x73040000)
  object space 16384K, 20% used [0x6b040000,0x6b38e858,0x6c040000)
Event: 3,066 GC heap after
Heap after GC invocations=7 (full 1):
 PSYoungGen      total 119040K, used 24712K [0x9dac0000, 0xa8a00000, 0xb3040000)
  eden space 89344K, 0% used [0x9dac0000,0x9dac0000,0xa3200000)
  from space 29696K, 83% used [0xa5440000,0xa6c620d0,0xa7140000)
  to   space 35072K, 0% used [0xa3200000,0xa3200000,0xa5440000)
 ParOldGen       total 67328K, used 26757K [0x73040000, 0x77200000, 0x9dac0000)
  object space 67328K, 39% used [0x73040000,0x74a61568,0x77200000)
 PSPermGen       total 16384K, used 3386K [0x6b040000, 0x6c040000, 0x73040000)
  object space 16384K, 20% used [0x6b040000,0x6b38e858,0x6c040000)
}
Event: 3,492 GC heap before
{Heap before GC invocations=8 (full 1):
 PSYoungGen      total 119040K, used 114056K [0x9dac0000, 0xa8a00000, 0xb3040000)
  eden space 89344K, 100% used [0x9dac0000,0xa3200000,0xa3200000)
  from space 29696K, 83% used [0xa5440000,0xa6c620d0,0xa7140000)
  to   space 35072K, 0% used [0xa3200000,0xa3200000,0xa5440000)
 ParOldGen       total 67328K, used 26757K [0x73040000, 0x77200000, 0x9dac0000)
  object space 67328K, 39% used [0x73040000,0x74a61568,0x77200000)
 PSPermGen       total 16384K, used 3391K [0x6b040000, 0x6c040000, 0x73040000)
  object space 16384K, 20% used [0x6b040000,0x6b38fce8,0x6c040000)

