# JRE version: OpenJDK Runtime Environment (7.0_95) (build 1.7.0_95-b00)
# Java VM: OpenJDK Server VM (24.95-b01 mixed mode linux-x86 )
Heap
 PSYoungGen      total 33024K, used 1528K [0x9db40000, 0x9fe00000, 0xb30c0000)
  eden space 30464K, 0% used [0x9db40000,0x9db40000,0x9f900000)
  from space 2560K, 59% used [0x9f900000,0x9fa7e030,0x9fb80000)
  to   space 1280K, 0% used [0x9fcc0000,0x9fcc0000,0x9fe00000)
 ParOldGen       total 66304K, used 18236K [0x730c0000, 0x77180000, 0x9db40000)
  object space 66304K, 27% used [0x730c0000,0x7428f150,0x77180000)
 PSPermGen       total 16384K, used 2982K [0x6b0c0000, 0x6c0c0000, 0x730c0000)
  object space 16384K, 18% used [0x6b0c0000,0x6b3a9a90,0x6c0c0000)
GC Heap History (10 events):
Event: 2,138 GC heap after
Heap after GC invocations=1 (full 0):
 PSYoungGen      total 18432K, used 2559K [0x9db40000, 0x9efc0000, 0xb30c0000)
  eden space 15872K, 0% used [0x9db40000,0x9db40000,0x9eac0000)
  from space 2560K, 99% used [0x9eac0000,0x9ed3fc88,0x9ed40000)
  to   space 2560K, 0% used [0x9ed40000,0x9ed40000,0x9efc0000)
 ParOldGen       total 41728K, used 1982K [0x730c0000, 0x75980000, 0x9db40000)
  object space 41728K, 4% used [0x730c0000,0x732afa98,0x75980000)
 PSPermGen       total 16384K, used 2695K [0x6b0c0000, 0x6c0c0000, 0x730c0000)
  object space 16384K, 16% used [0x6b0c0000,0x6b361dd8,0x6c0c0000)
}
Event: 2,271 GC heap before
{Heap before GC invocations=2 (full 0):
 PSYoungGen      total 18432K, used 17839K [0x9db40000, 0x9efc0000, 0xb30c0000)
  eden space 15872K, 96% used [0x9db40000,0x9ea2bf80,0x9eac0000)
  from space 2560K, 99% used [0x9eac0000,0x9ed3fc88,0x9ed40000)
  to   space 2560K, 0% used [0x9ed40000,0x9ed40000,0x9efc0000)
 ParOldGen       total 41728K, used 1982K [0x730c0000, 0x75980000, 0x9db40000)
  object space 41728K, 4% used [0x730c0000,0x732afa98,0x75980000)
 PSPermGen       total 16384K, used 2696K [0x6b0c0000, 0x6c0c0000, 0x730c0000)
  object space 16384K, 16% used [0x6b0c0000,0x6b362090,0x6c0c0000)
Event: 2,274 GC heap after
Heap after GC invocations=2 (full 0):
 PSYoungGen      total 18432K, used 2554K [0x9db40000, 0x9ff40000, 0xb30c0000)
  eden space 15872K, 0% used [0x9db40000,0x9db40000,0x9eac0000)
  from space 2560K, 99% used [0x9ed40000,0x9efbea48,0x9efc0000)
  to   space 2560K, 0% used [0x9eac0000,0x9eac0000,0x9ed40000)
 ParOldGen       total 41728K, used 5740K [0x730c0000, 0x75980000, 0x9db40000)
  object space 41728K, 13% used [0x730c0000,0x7365b0e0,0x75980000)
 PSPermGen       total 16384K, used 2696K [0x6b0c0000, 0x6c0c0000, 0x730c0000)
  object space 16384K, 16% used [0x6b0c0000,0x6b362090,0x6c0c0000)
}
Event: 2,601 GC heap before
{Heap before GC invocations=3 (full 0):
 PSYoungGen      total 18432K, used 18426K [0x9db40000, 0x9ff40000, 0xb30c0000)
  eden space 15872K, 100% used [0x9db40000,0x9eac0000,0x9eac0000)
  from space 2560K, 99% used [0x9ed40000,0x9efbea48,0x9efc0000)
  to   space 2560K, 0% used [0x9eac0000,0x9eac0000,0x9ed40000)
 ParOldGen       total 41728K, used 5740K [0x730c0000, 0x75980000, 0x9db40000)
  object space 41728K, 13% used [0x730c0000,0x7365b0e0,0x75980000)
 PSPermGen       total 16384K, used 2885K [0x6b0c0000, 0x6c0c0000, 0x730c0000)
  object space 16384K, 17% used [0x6b0c0000,0x6b3914b0,0x6c0c0000)
Event: 3,238 GC heap after
Heap after GC invocations=3 (full 0):
 PSYoungGen      total 18432K, used 2559K [0x9db40000, 0x9ff40000, 0xb30c0000)
  eden space 15872K, 0% used [0x9db40000,0x9db40000,0x9eac0000)
  from space 2560K, 99% used [0x9eac0000,0x9ed3fef0,0x9ed40000)
  to   space 2560K, 0% used [0x9fcc0000,0x9fcc0000,0x9ff40000)
 ParOldGen       total 41728K, used 35778K [0x730c0000, 0x75980000, 0x9db40000)
  object space 41728K, 85% used [0x730c0000,0x753b0a90,0x75980000)
 PSPermGen       total 16384K, used 2885K [0x6b0c0000, 0x6c0c0000, 0x730c0000)
  object space 16384K, 17% used [0x6b0c0000,0x6b3914b0,0x6c0c0000)
}
Event: 3,266 GC heap before
{Heap before GC invocations=4 (full 1):
 PSYoungGen      total 18432K, used 2559K [0x9db40000, 0x9ff40000, 0xb30c0000)
  eden space 15872K, 0% used [0x9db40000,0x9db40000,0x9eac0000)
  from space 2560K, 99% used [0x9eac0000,0x9ed3fef0,0x9ed40000)
  to   space 2560K, 0% used [0x9fcc0000,0x9fcc0000,0x9ff40000)
 ParOldGen       total 41728K, used 35778K [0x730c0000, 0x75980000, 0x9db40000)
  object space 41728K, 85% used [0x730c0000,0x753b0a90,0x75980000)
 PSPermGen       total 16384K, used 2885K [0x6b0c0000, 0x6c0c0000, 0x730c0000)
  object space 16384K, 17% used [0x6b0c0000,0x6b3914b0,0x6c0c0000)
Event: 3,313 GC heap after
Heap after GC invocations=4 (full 1):
 PSYoungGen      total 18432K, used 0K [0x9db40000, 0x9ff40000, 0xb30c0000)
  eden space 15872K, 0% used [0x9db40000,0x9db40000,0x9eac0000)
  from space 2560K, 0% used [0x9eac0000,0x9eac0000,0x9ed40000)
  to   space 2560K, 0% used [0x9fcc0000,0x9fcc0000,0x9ff40000)
 ParOldGen       total 66304K, used 18236K [0x730c0000, 0x77180000, 0x9db40000)
  object space 66304K, 27% used [0x730c0000,0x7428f150,0x77180000)
 PSPermGen       total 16384K, used 2884K [0x6b0c0000, 0x6c0c0000, 0x730c0000)
  object space 16384K, 17% used [0x6b0c0000,0x6b391078,0x6c0c0000)
}
Event: 3,511 GC heap before
{Heap before GC invocations=5 (full 1):
 PSYoungGen      total 18432K, used 15872K [0x9db40000, 0x9ff40000, 0xb30c0000)
  eden space 15872K, 100% used [0x9db40000,0x9eac0000,0x9eac0000)
  from space 2560K, 0% used [0x9eac0000,0x9eac0000,0x9ed40000)
  to   space 2560K, 0% used [0x9fcc0000,0x9fcc0000,0x9ff40000)
 ParOldGen       total 66304K, used 18236K [0x730c0000, 0x77180000, 0x9db40000)
  object space 66304K, 27% used [0x730c0000,0x7428f150,0x77180000)
 PSPermGen       total 16384K, used 2884K [0x6b0c0000, 0x6c0c0000, 0x730c0000)
  object space 16384K, 17% used [0x6b0c0000,0x6b3913e8,0x6c0c0000)
Event: 3,512 GC heap after
Heap after GC invocations=5 (full 1):
 PSYoungGen      total 31744K, used 48K [0x9db40000, 0x9fe00000, 0xb30c0000)
  eden space 30464K, 0% used [0x9db40000,0x9db40000,0x9f900000)
  from space 1280K, 3% used [0x9fcc0000,0x9fccc000,0x9fe00000)
  to   space 2560K, 0% used [0x9f900000,0x9f900000,0x9fb80000)
 ParOldGen       total 66304K, used 18236K [0x730c0000, 0x77180000, 0x9db40000)
  object space 66304K, 27% used [0x730c0000,0x7428f150,0x77180000)
 PSPermGen       total 16384K, used 2884K [0x6b0c0000, 0x6c0c0000, 0x730c0000)
  object space 16384K, 17% used [0x6b0c0000,0x6b3913e8,0x6c0c0000)
}
Event: 4,544 GC heap before
{Heap before GC invocations=6 (full 1):
 PSYoungGen      total 31744K, used 30512K [0x9db40000, 0x9fe00000, 0xb30c0000)
  eden space 30464K, 100% used [0x9db40000,0x9f900000,0x9f900000)
  from space 1280K, 3% used [0x9fcc0000,0x9fccc000,0x9fe00000)
  to   space 2560K, 0% used [0x9f900000,0x9f900000,0x9fb80000)
 ParOldGen       total 66304K, used 18236K [0x730c0000, 0x77180000, 0x9db40000)
  object space 66304K, 27% used [0x730c0000,0x7428f150,0x77180000)
 PSPermGen       total 16384K, used 2982K [0x6b0c0000, 0x6c0c0000, 0x730c0000)
  object space 16384K, 18% used [0x6b0c0000,0x6b3a9a90,0x6c0c0000)

