# JRE version: OpenJDK Runtime Environment (7.0_95) (build 1.7.0_95-b00)
# Java VM: OpenJDK Server VM (24.95-b01 mixed mode linux-x86 )
Heap
 PSYoungGen      total 31488K, used 1472K [0x9db00000, 0x9fcc0000, 0xb3080000)
  eden space 28928K, 0% used [0x9db00000,0x9db00000,0x9f740000)
  from space 2560K, 57% used [0x9f7c0000,0x9f930020,0x9fa40000)
  to   space 256K, 0% used [0x9fc80000,0x9fc80000,0x9fcc0000)
 ParOldGen       total 76288K, used 17987K [0x73080000, 0x77b00000, 0x9db00000)
  object space 76288K, 23% used [0x73080000,0x74210d30,0x77b00000)
 PSPermGen       total 16384K, used 2981K [0x6b080000, 0x6c080000, 0x73080000)
  object space 16384K, 18% used [0x6b080000,0x6b369720,0x6c080000)
GC Heap History (10 events):
Event: 1,018 GC heap after
Heap after GC invocations=1 (full 0):
 PSYoungGen      total 18432K, used 2525K [0x9db00000, 0x9ef80000, 0xb3080000)
  eden space 15872K, 0% used [0x9db00000,0x9db00000,0x9ea80000)
  from space 2560K, 98% used [0x9ea80000,0x9ecf74f8,0x9ed00000)
  to   space 2560K, 0% used [0x9ed00000,0x9ed00000,0x9ef80000)
 ParOldGen       total 41728K, used 2020K [0x73080000, 0x75940000, 0x9db00000)
  object space 41728K, 4% used [0x73080000,0x732790c8,0x75940000)
 PSPermGen       total 16384K, used 2695K [0x6b080000, 0x6c080000, 0x73080000)
  object space 16384K, 16% used [0x6b080000,0x6b321dd8,0x6c080000)
}
Event: 1,147 GC heap before
{Heap before GC invocations=2 (full 0):
 PSYoungGen      total 18432K, used 17805K [0x9db00000, 0x9ef80000, 0xb3080000)
  eden space 15872K, 96% used [0x9db00000,0x9e9ebf80,0x9ea80000)
  from space 2560K, 98% used [0x9ea80000,0x9ecf74f8,0x9ed00000)
  to   space 2560K, 0% used [0x9ed00000,0x9ed00000,0x9ef80000)
 ParOldGen       total 41728K, used 2020K [0x73080000, 0x75940000, 0x9db00000)
  object space 41728K, 4% used [0x73080000,0x732790c8,0x75940000)
 PSPermGen       total 16384K, used 2696K [0x6b080000, 0x6c080000, 0x73080000)
  object space 16384K, 16% used [0x6b080000,0x6b322090,0x6c080000)
Event: 1,152 GC heap after
Heap after GC invocations=2 (full 0):
 PSYoungGen      total 18432K, used 2559K [0x9db00000, 0x9ff00000, 0xb3080000)
  eden space 15872K, 0% used [0x9db00000,0x9db00000,0x9ea80000)
  from space 2560K, 99% used [0x9ed00000,0x9ef7ff40,0x9ef80000)
  to   space 2560K, 0% used [0x9ea80000,0x9ea80000,0x9ed00000)
 ParOldGen       total 41728K, used 5535K [0x73080000, 0x75940000, 0x9db00000)
  object space 41728K, 13% used [0x73080000,0x735e7c28,0x75940000)
 PSPermGen       total 16384K, used 2696K [0x6b080000, 0x6c080000, 0x73080000)
  object space 16384K, 16% used [0x6b080000,0x6b322090,0x6c080000)
}
Event: 1,468 GC heap before
{Heap before GC invocations=3 (full 0):
 PSYoungGen      total 18432K, used 18431K [0x9db00000, 0x9ff00000, 0xb3080000)
  eden space 15872K, 100% used [0x9db00000,0x9ea80000,0x9ea80000)
  from space 2560K, 99% used [0x9ed00000,0x9ef7ff40,0x9ef80000)
  to   space 2560K, 0% used [0x9ea80000,0x9ea80000,0x9ed00000)
 ParOldGen       total 41728K, used 5535K [0x73080000, 0x75940000, 0x9db00000)
  object space 41728K, 13% used [0x73080000,0x735e7c28,0x75940000)
 PSPermGen       total 16384K, used 2885K [0x6b080000, 0x6c080000, 0x73080000)
  object space 16384K, 17% used [0x6b080000,0x6b3514b0,0x6c080000)
Event: 1,592 GC heap after
Heap after GC invocations=3 (full 0):
 PSYoungGen      total 18432K, used 2553K [0x9db00000, 0x9ff00000, 0xb3080000)
  eden space 15872K, 0% used [0x9db00000,0x9db00000,0x9ea80000)
  from space 2560K, 99% used [0x9ea80000,0x9ecfe428,0x9ed00000)
  to   space 2560K, 0% used [0x9fc80000,0x9fc80000,0x9ff00000)
 ParOldGen       total 50944K, used 44659K [0x73080000, 0x76240000, 0x9db00000)
  object space 50944K, 87% used [0x73080000,0x75c1cc90,0x76240000)
 PSPermGen       total 16384K, used 2885K [0x6b080000, 0x6c080000, 0x73080000)
  object space 16384K, 17% used [0x6b080000,0x6b3514b0,0x6c080000)
}
Event: 1,613 GC heap before
{Heap before GC invocations=4 (full 1):
 PSYoungGen      total 18432K, used 2553K [0x9db00000, 0x9ff00000, 0xb3080000)
  eden space 15872K, 0% used [0x9db00000,0x9db00000,0x9ea80000)
  from space 2560K, 99% used [0x9ea80000,0x9ecfe428,0x9ed00000)
  to   space 2560K, 0% used [0x9fc80000,0x9fc80000,0x9ff00000)
 ParOldGen       total 50944K, used 44659K [0x73080000, 0x76240000, 0x9db00000)
  object space 50944K, 87% used [0x73080000,0x75c1cc90,0x76240000)
 PSPermGen       total 16384K, used 2885K [0x6b080000, 0x6c080000, 0x73080000)
  object space 16384K, 17% used [0x6b080000,0x6b3514b0,0x6c080000)
Event: 1,644 GC heap after
Heap after GC invocations=4 (full 1):
 PSYoungGen      total 18432K, used 0K [0x9db00000, 0x9ff00000, 0xb3080000)
  eden space 15872K, 0% used [0x9db00000,0x9db00000,0x9ea80000)
  from space 2560K, 0% used [0x9ea80000,0x9ea80000,0x9ed00000)
  to   space 2560K, 0% used [0x9fc80000,0x9fc80000,0x9ff00000)
 ParOldGen       total 76288K, used 17987K [0x73080000, 0x77b00000, 0x9db00000)
  object space 76288K, 23% used [0x73080000,0x74210d30,0x77b00000)
 PSPermGen       total 16384K, used 2884K [0x6b080000, 0x6c080000, 0x73080000)
  object space 16384K, 17% used [0x6b080000,0x6b351068,0x6c080000)
}
Event: 1,854 GC heap before
{Heap before GC invocations=5 (full 1):
 PSYoungGen      total 18432K, used 15872K [0x9db00000, 0x9ff00000, 0xb3080000)
  eden space 15872K, 100% used [0x9db00000,0x9ea80000,0x9ea80000)
  from space 2560K, 0% used [0x9ea80000,0x9ea80000,0x9ed00000)
  to   space 2560K, 0% used [0x9fc80000,0x9fc80000,0x9ff00000)
 ParOldGen       total 76288K, used 17987K [0x73080000, 0x77b00000, 0x9db00000)
  object space 76288K, 23% used [0x73080000,0x74210d30,0x77b00000)
 PSPermGen       total 16384K, used 2884K [0x6b080000, 0x6c080000, 0x73080000)
  object space 16384K, 17% used [0x6b080000,0x6b3513d8,0x6c080000)
Event: 1,864 GC heap after
Heap after GC invocations=5 (full 1):
 PSYoungGen      total 29184K, used 48K [0x9db00000, 0x9fcc0000, 0xb3080000)
  eden space 28928K, 0% used [0x9db00000,0x9db00000,0x9f740000)
  from space 256K, 18% used [0x9fc80000,0x9fc8c000,0x9fcc0000)
  to   space 2560K, 0% used [0x9f7c0000,0x9f7c0000,0x9fa40000)
 ParOldGen       total 76288K, used 17987K [0x73080000, 0x77b00000, 0x9db00000)
  object space 76288K, 23% used [0x73080000,0x74210d30,0x77b00000)
 PSPermGen       total 16384K, used 2884K [0x6b080000, 0x6c080000, 0x73080000)
  object space 16384K, 17% used [0x6b080000,0x6b3513d8,0x6c080000)
}
Event: 2,607 GC heap before
{Heap before GC invocations=6 (full 1):
 PSYoungGen      total 29184K, used 28976K [0x9db00000, 0x9fcc0000, 0xb3080000)
  eden space 28928K, 100% used [0x9db00000,0x9f740000,0x9f740000)
  from space 256K, 18% used [0x9fc80000,0x9fc8c000,0x9fcc0000)
  to   space 2560K, 0% used [0x9f7c0000,0x9f7c0000,0x9fa40000)
 ParOldGen       total 76288K, used 17987K [0x73080000, 0x77b00000, 0x9db00000)
  object space 76288K, 23% used [0x73080000,0x74210d30,0x77b00000)
 PSPermGen       total 16384K, used 2981K [0x6b080000, 0x6c080000, 0x73080000)
  object space 16384K, 18% used [0x6b080000,0x6b369720,0x6c080000)

