# JRE version: OpenJDK Runtime Environment (7.0_95) (build 1.7.0_95-b00)
# Java VM: OpenJDK Server VM (24.95-b01 mixed mode linux-x86 )
Heap
 PSYoungGen      total 125696K, used 33576K [0x9db40000, 0xa9b40000, 0xb30c0000)
  eden space 84992K, 0% used [0x9db40000,0x9db40000,0xa2e40000)
  from space 40704K, 82% used [0xa2e40000,0xa4f0a298,0xa5600000)
  to   space 37888K, 0% used [0xa5600000,0xa5600000,0xa7b00000)
 ParOldGen       total 79616K, used 21005K [0x730c0000, 0x77e80000, 0x9db40000)
  object space 79616K, 26% used [0x730c0000,0x745435a0,0x77e80000)
 PSPermGen       total 16384K, used 3392K [0x6b0c0000, 0x6c0c0000, 0x730c0000)
  object space 16384K, 20% used [0x6b0c0000,0x6b410030,0x6c0c0000)
GC Heap History (10 events):
Event: 1,246 GC heap after
Heap after GC invocations=3 (full 0):
 PSYoungGen      total 34304K, used 2559K [0x9db40000, 0xa1e40000, 0xb30c0000)
  eden space 31744K, 0% used [0x9db40000,0x9db40000,0x9fa40000)
  from space 2560K, 99% used [0x9fa40000,0x9fcbfc78,0x9fcc0000)
  to   space 2560K, 0% used [0xa1bc0000,0xa1bc0000,0xa1e40000)
 ParOldGen       total 50944K, used 44486K [0x730c0000, 0x76280000, 0x9db40000)
  object space 50944K, 87% used [0x730c0000,0x75c31840,0x76280000)
 PSPermGen       total 16384K, used 2886K [0x6b0c0000, 0x6c0c0000, 0x730c0000)
  object space 16384K, 17% used [0x6b0c0000,0x6b391820,0x6c0c0000)
}
Event: 1,246 GC heap before
{Heap before GC invocations=4 (full 1):
 PSYoungGen      total 34304K, used 2559K [0x9db40000, 0xa1e40000, 0xb30c0000)
  eden space 31744K, 0% used [0x9db40000,0x9db40000,0x9fa40000)
  from space 2560K, 99% used [0x9fa40000,0x9fcbfc78,0x9fcc0000)
  to   space 2560K, 0% used [0xa1bc0000,0xa1bc0000,0xa1e40000)
 ParOldGen       total 50944K, used 44486K [0x730c0000, 0x76280000, 0x9db40000)
  object space 50944K, 87% used [0x730c0000,0x75c31840,0x76280000)
 PSPermGen       total 16384K, used 2886K [0x6b0c0000, 0x6c0c0000, 0x730c0000)
  object space 16384K, 17% used [0x6b0c0000,0x6b391820,0x6c0c0000)
Event: 1,274 GC heap after
Heap after GC invocations=4 (full 1):
 PSYoungGen      total 34304K, used 0K [0x9db40000, 0xa1e40000, 0xb30c0000)
  eden space 31744K, 0% used [0x9db40000,0x9db40000,0x9fa40000)
  from space 2560K, 0% used [0x9fa40000,0x9fa40000,0x9fcc0000)
  to   space 2560K, 0% used [0xa1bc0000,0xa1bc0000,0xa1e40000)
 ParOldGen       total 79616K, used 19239K [0x730c0000, 0x77e80000, 0x9db40000)
  object space 79616K, 24% used [0x730c0000,0x74389ce8,0x77e80000)
 PSPermGen       total 16384K, used 2884K [0x6b0c0000, 0x6c0c0000, 0x730c0000)
  object space 16384K, 17% used [0x6b0c0000,0x6b3913e8,0x6c0c0000)
}
Event: 2,357 GC heap before
{Heap before GC invocations=5 (full 1):
 PSYoungGen      total 34304K, used 31744K [0x9db40000, 0xa1e40000, 0xb30c0000)
  eden space 31744K, 100% used [0x9db40000,0x9fa40000,0x9fa40000)
  from space 2560K, 0% used [0x9fa40000,0x9fa40000,0x9fcc0000)
  to   space 2560K, 0% used [0xa1bc0000,0xa1bc0000,0xa1e40000)
 ParOldGen       total 79616K, used 19239K [0x730c0000, 0x77e80000, 0x9db40000)
  object space 79616K, 24% used [0x730c0000,0x74389ce8,0x77e80000)
 PSPermGen       total 16384K, used 3073K [0x6b0c0000, 0x6c0c0000, 0x730c0000)
  object space 16384K, 18% used [0x6b0c0000,0x6b3c0530,0x6c0c0000)
Event: 2,401 GC heap after
Heap after GC invocations=5 (full 1):
 PSYoungGen      total 55808K, used 2554K [0x9db40000, 0xa1e40000, 0xb30c0000)
  eden space 53248K, 0% used [0x9db40000,0x9db40000,0xa0f40000)
  from space 2560K, 99% used [0xa1bc0000,0xa1e3eb00,0xa1e40000)
  to   space 2560K, 0% used [0xa1940000,0xa1940000,0xa1bc0000)
 ParOldGen       total 79616K, used 19853K [0x730c0000, 0x77e80000, 0x9db40000)
  object space 79616K, 24% used [0x730c0000,0x74423768,0x77e80000)
 PSPermGen       total 16384K, used 3073K [0x6b0c0000, 0x6c0c0000, 0x730c0000)
  object space 16384K, 18% used [0x6b0c0000,0x6b3c0530,0x6c0c0000)
}
Event: 3,097 GC heap before
{Heap before GC invocations=6 (full 1):
 PSYoungGen      total 55808K, used 55802K [0x9db40000, 0xa1e40000, 0xb30c0000)
  eden space 53248K, 100% used [0x9db40000,0xa0f40000,0xa0f40000)
  from space 2560K, 99% used [0xa1bc0000,0xa1e3eb00,0xa1e40000)
  to   space 2560K, 0% used [0xa1940000,0xa1940000,0xa1bc0000)
 ParOldGen       total 79616K, used 19853K [0x730c0000, 0x77e80000, 0x9db40000)
  object space 79616K, 24% used [0x730c0000,0x74423768,0x77e80000)
 PSPermGen       total 16384K, used 3209K [0x6b0c0000, 0x6c0c0000, 0x730c0000)
  object space 16384K, 19% used [0x6b0c0000,0x6b3e2740,0x6c0c0000)
Event: 3,117 GC heap after
Heap after GC invocations=6 (full 1):
 PSYoungGen      total 66048K, used 2551K [0x9db40000, 0xa7b00000, 0xb30c0000)
  eden space 63488K, 0% used [0x9db40000,0x9db40000,0xa1940000)
  from space 2560K, 99% used [0xa1940000,0xa1bbdf88,0xa1bc0000)
  to   space 37888K, 0% used [0xa5600000,0xa5600000,0xa7b00000)
 ParOldGen       total 79616K, used 21005K [0x730c0000, 0x77e80000, 0x9db40000)
  object space 79616K, 26% used [0x730c0000,0x745435a0,0x77e80000)
 PSPermGen       total 16384K, used 3209K [0x6b0c0000, 0x6c0c0000, 0x730c0000)
  object space 16384K, 19% used [0x6b0c0000,0x6b3e2740,0x6c0c0000)
}
Event: 3,886 GC heap before
{Heap before GC invocations=7 (full 1):
 PSYoungGen      total 66048K, used 66039K [0x9db40000, 0xa7b00000, 0xb30c0000)
  eden space 63488K, 100% used [0x9db40000,0xa1940000,0xa1940000)
  from space 2560K, 99% used [0xa1940000,0xa1bbdf88,0xa1bc0000)
  to   space 37888K, 0% used [0xa5600000,0xa5600000,0xa7b00000)
 ParOldGen       total 79616K, used 21005K [0x730c0000, 0x77e80000, 0x9db40000)
  object space 79616K, 26% used [0x730c0000,0x745435a0,0x77e80000)
 PSPermGen       total 16384K, used 3386K [0x6b0c0000, 0x6c0c0000, 0x730c0000)
  object space 16384K, 20% used [0x6b0c0000,0x6b40eb20,0x6c0c0000)
Event: 4,183 GC heap after
Heap after GC invocations=7 (full 1):
 PSYoungGen      total 122880K, used 24251K [0x9db40000, 0xa9b40000, 0xb30c0000)
  eden space 84992K, 0% used [0x9db40000,0x9db40000,0xa2e40000)
  from space 37888K, 64% used [0xa5600000,0xa6daef60,0xa7b00000)
  to   space 40704K, 0% used [0xa2e40000,0xa2e40000,0xa5600000)
 ParOldGen       total 79616K, used 21005K [0x730c0000, 0x77e80000, 0x9db40000)
  object space 79616K, 26% used [0x730c0000,0x745435a0,0x77e80000)
 PSPermGen       total 16384K, used 3386K [0x6b0c0000, 0x6c0c0000, 0x730c0000)
  object space 16384K, 20% used [0x6b0c0000,0x6b40eb20,0x6c0c0000)
}
Event: 5,072 GC heap before
{Heap before GC invocations=8 (full 1):
 PSYoungGen      total 122880K, used 109243K [0x9db40000, 0xa9b40000, 0xb30c0000)
  eden space 84992K, 100% used [0x9db40000,0xa2e40000,0xa2e40000)
  from space 37888K, 64% used [0xa5600000,0xa6daef60,0xa7b00000)
  to   space 40704K, 0% used [0xa2e40000,0xa2e40000,0xa5600000)
 ParOldGen       total 79616K, used 21005K [0x730c0000, 0x77e80000, 0x9db40000)
  object space 79616K, 26% used [0x730c0000,0x745435a0,0x77e80000)
 PSPermGen       total 16384K, used 3392K [0x6b0c0000, 0x6c0c0000, 0x730c0000)
  object space 16384K, 20% used [0x6b0c0000,0x6b410030,0x6c0c0000)

