# JRE version: OpenJDK Runtime Environment (7.0_95) (build 1.7.0_95-b00)
# Java VM: OpenJDK Server VM (24.95-b01 mixed mode linux-x86 )
Heap
 PSYoungGen      total 246784K, used 0K [0x9dbc0000, 0xb3140000, 0xb3140000)
  eden space 140544K, 0% used [0x9dbc0000,0x9dbc0000,0xa6500000)
  from space 106240K, 0% used [0xac980000,0xac980000,0xb3140000)
  to   space 102912K, 0% used [0xa6500000,0xa6500000,0xac980000)
 ParOldGen       total 263936K, used 236824K [0x73140000, 0x83300000, 0x9dbc0000)
  object space 263936K, 89% used [0x73140000,0x818863d0,0x83300000)
 PSPermGen       total 16384K, used 4280K [0x6b140000, 0x6c140000, 0x73140000)
  object space 16384K, 26% used [0x6b140000,0x6b56e170,0x6c140000)
GC Heap History (10 events):
Event: 37,406 GC heap after
Heap after GC invocations=16 (full 3):
 PSYoungGen      total 223744K, used 30039K [0x9dbc0000, 0xb2140000, 0xb3140000)
  eden space 141056K, 0% used [0x9dbc0000,0x9dbc0000,0xa6580000)
  from space 82688K, 36% used [0xa6580000,0xa82d5db0,0xab640000)
  to   space 77568K, 0% used [0xad580000,0xad580000,0xb2140000)
 ParOldGen       total 291328K, used 200638K [0x73140000, 0x84dc0000, 0x9dbc0000)
  object space 291328K, 68% used [0x73140000,0x7f52f8b8,0x84dc0000)
 PSPermGen       total 16384K, used 4273K [0x6b140000, 0x6c140000, 0x73140000)
  object space 16384K, 26% used [0x6b140000,0x6b56c400,0x6c140000)
}
Event: 40,369 GC heap before
{Heap before GC invocations=17 (full 3):
 PSYoungGen      total 223744K, used 171095K [0x9dbc0000, 0xb2140000, 0xb3140000)
  eden space 141056K, 100% used [0x9dbc0000,0xa6580000,0xa6580000)
  from space 82688K, 36% used [0xa6580000,0xa82d5db0,0xab640000)
  to   space 77568K, 0% used [0xad580000,0xad580000,0xb2140000)
 ParOldGen       total 291328K, used 200638K [0x73140000, 0x84dc0000, 0x9dbc0000)
  object space 291328K, 68% used [0x73140000,0x7f52f8b8,0x84dc0000)
 PSPermGen       total 16384K, used 4278K [0x6b140000, 0x6c140000, 0x73140000)
  object space 16384K, 26% used [0x6b140000,0x6b56d980,0x6c140000)
Event: 43,475 GC heap after
Heap after GC invocations=17 (full 3):
 PSYoungGen      total 219392K, used 77565K [0x9dbc0000, 0xb3140000, 0xb3140000)
  eden space 141824K, 0% used [0x9dbc0000,0x9dbc0000,0xa6640000)
  from space 77568K, 99% used [0xad580000,0xb213f758,0xb2140000)
  to   space 103936K, 0% used [0xa6640000,0xa6640000,0xacbc0000)
 ParOldGen       total 291328K, used 236550K [0x73140000, 0x84dc0000, 0x9dbc0000)
  object space 291328K, 81% used [0x73140000,0x81841ad0,0x84dc0000)
 PSPermGen       total 16384K, used 4278K [0x6b140000, 0x6c140000, 0x73140000)
  object space 16384K, 26% used [0x6b140000,0x6b56d980,0x6c140000)
}
Event: 43,524 GC heap before
{Heap before GC invocations=18 (full 4):
 PSYoungGen      total 219392K, used 77565K [0x9dbc0000, 0xb3140000, 0xb3140000)
  eden space 141824K, 0% used [0x9dbc0000,0x9dbc0000,0xa6640000)
  from space 77568K, 99% used [0xad580000,0xb213f758,0xb2140000)
  to   space 103936K, 0% used [0xa6640000,0xa6640000,0xacbc0000)
 ParOldGen       total 291328K, used 236550K [0x73140000, 0x84dc0000, 0x9dbc0000)
  object space 291328K, 81% used [0x73140000,0x81841ad0,0x84dc0000)
 PSPermGen       total 16384K, used 4278K [0x6b140000, 0x6c140000, 0x73140000)
  object space 16384K, 26% used [0x6b140000,0x6b56d980,0x6c140000)
Event: 45,491 GC heap after
Heap after GC invocations=18 (full 4):
 PSYoungGen      total 219392K, used 0K [0x9dbc0000, 0xb3140000, 0xb3140000)
  eden space 141824K, 0% used [0x9dbc0000,0x9dbc0000,0xa6640000)
  from space 77568K, 0% used [0xad580000,0xad580000,0xb2140000)
  to   space 103936K, 0% used [0xa6640000,0xa6640000,0xacbc0000)
 ParOldGen       total 263936K, used 139554K [0x73140000, 0x83300000, 0x9dbc0000)
  object space 263936K, 52% used [0x73140000,0x7b988af8,0x83300000)
 PSPermGen       total 16384K, used 4278K [0x6b140000, 0x6c140000, 0x73140000)
  object space 16384K, 26% used [0x6b140000,0x6b56d8e0,0x6c140000)
}
Event: 46,185 GC heap before
{Heap before GC invocations=19 (full 4):
 PSYoungGen      total 219392K, used 141824K [0x9dbc0000, 0xb3140000, 0xb3140000)
  eden space 141824K, 100% used [0x9dbc0000,0xa6640000,0xa6640000)
  from space 77568K, 0% used [0xad580000,0xad580000,0xb2140000)
  to   space 103936K, 0% used [0xa6640000,0xa6640000,0xacbc0000)
 ParOldGen       total 263936K, used 139554K [0x73140000, 0x83300000, 0x9dbc0000)
  object space 263936K, 52% used [0x73140000,0x7b988af8,0x83300000)
 PSPermGen       total 16384K, used 4279K [0x6b140000, 0x6c140000, 0x73140000)
  object space 16384K, 26% used [0x6b140000,0x6b56def8,0x6c140000)
Event: 46,818 GC heap after
Heap after GC invocations=19 (full 4):
 PSYoungGen      total 203776K, used 61790K [0x9dbc0000, 0xb3140000, 0xb3140000)
  eden space 141824K, 0% used [0x9dbc0000,0x9dbc0000,0xa6640000)
  from space 61952K, 99% used [0xa6640000,0xaa297b50,0xaa2c0000)
  to   space 106240K, 0% used [0xac980000,0xac980000,0xb3140000)
 ParOldGen       total 263936K, used 139554K [0x73140000, 0x83300000, 0x9dbc0000)
  object space 263936K, 52% used [0x73140000,0x7b988af8,0x83300000)
 PSPermGen       total 16384K, used 4279K [0x6b140000, 0x6c140000, 0x73140000)
  object space 16384K, 26% used [0x6b140000,0x6b56def8,0x6c140000)
}
Event: 47,685 GC heap before
{Heap before GC invocations=20 (full 4):
 PSYoungGen      total 203776K, used 203614K [0x9dbc0000, 0xb3140000, 0xb3140000)
  eden space 141824K, 100% used [0x9dbc0000,0xa6640000,0xa6640000)
  from space 61952K, 99% used [0xa6640000,0xaa297b50,0xaa2c0000)
  to   space 106240K, 0% used [0xac980000,0xac980000,0xb3140000)
 ParOldGen       total 263936K, used 139554K [0x73140000, 0x83300000, 0x9dbc0000)
  object space 263936K, 52% used [0x73140000,0x7b988af8,0x83300000)
 PSPermGen       total 16384K, used 4280K [0x6b140000, 0x6c140000, 0x73140000)
  object space 16384K, 26% used [0x6b140000,0x6b56e1b0,0x6c140000)
Event: 47,810 GC heap after
Heap after GC invocations=20 (full 4):
 PSYoungGen      total 246784K, used 48684K [0x9dbc0000, 0xb3140000, 0xb3140000)
  eden space 140544K, 0% used [0x9dbc0000,0x9dbc0000,0xa6500000)
  from space 106240K, 45% used [0xac980000,0xaf90b050,0xb3140000)
  to   space 102912K, 0% used [0xa6500000,0xa6500000,0xac980000)
 ParOldGen       total 263936K, used 211633K [0x73140000, 0x83300000, 0x9dbc0000)
  object space 263936K, 80% used [0x73140000,0x7ffec7a0,0x83300000)
 PSPermGen       total 16384K, used 4280K [0x6b140000, 0x6c140000, 0x73140000)
  object space 16384K, 26% used [0x6b140000,0x6b56e1b0,0x6c140000)
}
Event: 47,810 GC heap before
{Heap before GC invocations=21 (full 5):
 PSYoungGen      total 246784K, used 48684K [0x9dbc0000, 0xb3140000, 0xb3140000)
  eden space 140544K, 0% used [0x9dbc0000,0x9dbc0000,0xa6500000)
  from space 106240K, 45% used [0xac980000,0xaf90b050,0xb3140000)
  to   space 102912K, 0% used [0xa6500000,0xa6500000,0xac980000)
 ParOldGen       total 263936K, used 211633K [0x73140000, 0x83300000, 0x9dbc0000)
  object space 263936K, 80% used [0x73140000,0x7ffec7a0,0x83300000)
 PSPermGen       total 16384K, used 4280K [0x6b140000, 0x6c140000, 0x73140000)
  object space 16384K, 26% used [0x6b140000,0x6b56e1b0,0x6c140000)

